Invalid character ($) encountered while parsing (tag "?PHP" with attributes). 
Invalid character ($) encountered while parsing (tag "?PHP" with attributes). 
Invalid character ($) encountered while parsing (tag "?PHP" with attributes include_once=). 
Invalid character ($) encountered while parsing (tag "?PHP" with attributes include_once=). 
Invalid character ($) encountered while parsing (tag "?PHP" with attributes). 
Invalid character ($) encountered while parsing (tag "?PHP" with attributes). 
Invalid character ($) encountered while parsing (tag "?PHP" with attributes). 
Invalid character (@) encountered while parsing (tag "?PHP" with attributes). 
Invalid character (@) encountered while parsing (tag "?PHP" with attributes). 
Invalid character (@) encountered while parsing (tag "?PHP" with attributes). 
Invalid character (@) encountered while parsing (tag "?PHP" with attributes). 
Invalid character (@) encountered while parsing (tag "?PHP" with attributes). 
Invalid character (@) encountered while parsing (tag "?PHP" with attributes). 
Invalid character (@) encountered while parsing (tag "?PHP" with attributes). 
Invalid character (@) encountered while parsing (tag "?PHP" with attributes). 
Invalid character (@) encountered while parsing (tag "?PHP" with attributes). 
Invalid character (@) encountered while parsing (tag "?PHP" with attributes). 
Invalid character (@) encountered while parsing (tag "?PHP" with attributes). 
Invalid character ($) encountered while parsing (tag "?PHP" with attributes). 
Invalid character ($) encountered while parsing (tag "?PHP" with attributes). 
Invalid character ($) encountered while parsing (tag "?PHP" with attributes). 
Invalid character ($) encountered while parsing (tag "?PHP" with attributes). 
Invalid character ($) encountered while parsing (tag "?PHP" with attributes). 
Invalid character ($) encountered while parsing (tag "?PHP" with attributes). 
Invalid character ($) encountered while parsing (tag "?PHP" with attributes). 
Invalid character ($) encountered while parsing (tag "?PHP" with attributes). 
Invalid character ($) encountered while parsing (tag "?PHP" with attributes). 
Invalid character ($) encountered while parsing (tag "?PHP" with attributes). 
Invalid character ($) encountered while parsing (tag "?PHP" with attributes). 
Invalid character ($) encountered while parsing (tag "?PHP" with attributes). 
Invalid character ($) encountered while parsing (tag "?PHP" with attributes). 
Invalid character ($) encountered while parsing (tag "?PHP" with attributes). 
Invalid character ($) encountered while parsing (tag "?PHP" with attributes). 
Invalid character ($) encountered while parsing (tag "?PHP" with attributes). 
Invalid character ($) encountered while parsing (tag "?PHP" with attributes). 
Invalid character ($) encountered while parsing (tag "?PHP" with attributes). 
Invalid character ($) encountered while parsing (tag "?PHP" with attributes). 
Invalid character ($) encountered while parsing (tag "?PHP" with attributes). 
Invalid character ($) encountered while parsing (tag "?PHP" with attributes include_once=). 
Invalid character ($) encountered while parsing (tag "?PHP" with attributes include_once=). 
Invalid character ($) encountered while parsing (tag "?PHP" with attributes include_once=). 
Invalid character ($) encountered while parsing (tag "?PHP" with attributes include_once=). 
Invalid character ($) encountered while parsing (tag "?PHP" with attributes include_once=). 
Invalid character ($) encountered while parsing (tag "?PHP" with attributes include_once=). 
Invalid character ($) encountered while parsing (tag "?PHP" with attributes include_once=). 
Invalid character ($) encountered while parsing (tag "?PHP" with attributes include_once=). 
Invalid character ($) encountered while parsing (tag "?PHP" with attributes include_once=). 
Invalid character ($) encountered while parsing (tag "?PHP" with attributes include_once=). 
Invalid character ($) encountered while parsing (tag "?PHP" with attributes include_once=). 
Invalid character ($) encountered while parsing (tag "?PHP" with attributes include_once=). 
Invalid character ($) encountered while parsing (tag "?PHP" with attributes include_once=). 
Invalid character ($) encountered while parsing (tag "?PHP" with attributes include_once=). 
Invalid character ($) encountered while parsing (tag "?PHP" with attributes include_once=). 
Invalid character ($) encountered while parsing (tag "?PHP" with attributes include_once=). 
Invalid character ($) encountered while parsing (tag "?PHP" with attributes). 
Invalid character ($) encountered while parsing (tag "?PHP" with attributes). 
Invalid character ($) encountered while parsing (tag "?PHP" with attributes). 
Invalid character ($) encountered while parsing (tag "?PHP" with attributes). 
Invalid character ($) encountered while parsing (tag "?PHP" with attributes). 
Invalid character ($) encountered while parsing (tag "?PHP" with attributes). 
Invalid character ($) encountered while parsing (tag "?PHP" with attributes). 
Invalid character ($) encountered while parsing (tag "?PHP" with attributes). 
Invalid character ($) encountered while parsing (tag "?PHP" with attributes). 
Invalid character ($) encountered while parsing (tag "?PHP" with attributes). 
Invalid character ($) encountered while parsing (tag "?PHP" with attributes). 
Invalid character ($) encountered while parsing (tag "?PHP" with attributes). 
Invalid character ($) encountered while parsing (tag "?PHP" with attributes). 
Invalid character ($) encountered while parsing (tag "?PHP" with attributes). 
Invalid character ($) encountered while parsing (tag "?PHP" with attributes). 
Invalid character ($) encountered while parsing (tag "?PHP" with attributes). 
Invalid character ($) encountered while parsing (tag "?PHP" with attributes). 
Invalid character ($) encountered while parsing (tag "?PHP" with attributes). 
Invalid character ($) encountered while parsing (tag "?PHP" with attributes). 
Invalid character ($) encountered while parsing (tag "?PHP" with attributes). 
Invalid character ($) encountered while parsing (tag "?PHP" with attributes function=). 
Invalid character ($) encountered while parsing (tag "?PHP" with attributes function=). 
Invalid character ($) encountered while parsing (tag "?PHP" with attributes). 
Invalid character ($) encountered while parsing (tag "?PHP" with attributes include_once=). 
Invalid character ($) encountered while parsing (tag "?PHP" with attributes function=). 
Invalid character ($) encountered while parsing (tag "?PHP" with attributes function=). 
Invalid character ($) encountered while parsing (tag "?PHP" with attributes function=). 
Invalid character ($) encountered while parsing (tag "?PHP" with attributes function=). 
Invalid character ($) encountered while parsing (tag "?PHP" with attributes function=). 
Invalid character ($) encountered while parsing (tag "?PHP" with attributes function=). 
Invalid character ($) encountered while parsing (tag "?PHP" with attributes function=). 
Invalid character ($) encountered while parsing (tag "?PHP" with attributes function=). 
Invalid character ($) encountered while parsing (tag "?PHP" with attributes function=). 
Invalid character ($) encountered while parsing (tag "?" with attributes). 
Invalid character ($) encountered while parsing (tag "?" with attributes). 
Invalid character ($) encountered while parsing (tag "?PHP" with attributes include_once=). 
Invalid character ($) encountered while parsing (tag "?PHP" with attributes include_once=). 
Invalid character ($) encountered while parsing (tag "?PHP" with attributes include_once=). 
Invalid character ($) encountered while parsing (tag "?PHP" with attributes include_once=). 
Invalid character ($) encountered while parsing (tag "?PHP" with attributes include_once=). 
Invalid character ($) encountered while parsing (tag "?PHP" with attributes include_once=). 
Invalid character ($) encountered while parsing (tag "?PHP" with attributes include_once=). 
Invalid character ($) encountered while parsing (tag "?PHP" with attributes include_once=). 
Invalid character ($) encountered while parsing (tag "?PHP" with attributes include_once=). 
Invalid character ($) encountered while parsing (tag "?PHP" with attributes include_once=). 
Invalid character ($) encountered while parsing (tag "?PHP" with attributes include_once=). 
Invalid character ($) encountered while parsing (tag "?PHP" with attributes include_once=). 
Invalid character ($) encountered while parsing (tag "?PHP" with attributes include_once=). 
Invalid character (@) encountered while parsing (tag "?PHP" with attributes). 
Invalid character (@) encountered while parsing (tag "?PHP" with attributes). 
Invalid character ($) encountered while parsing (tag "?PHP" with attributes function=). 
Invalid character ($) encountered while parsing (tag "?PHP" with attributes function=). 
Invalid character ($) encountered while parsing (tag "?PHP" with attributes function=). 
Invalid character ($) encountered while parsing (tag "?PHP" with attributes function=). 
Invalid character ($) encountered while parsing (tag "?PHP" with attributes function=). 
Invalid character ($) encountered while parsing (tag "?PHP" with attributes function=). 
Invalid character ($) encountered while parsing (tag "?PHP" with attributes function=). 
Invalid character ($) encountered while parsing (tag "?PHP" with attributes function=). 
Invalid character ($) encountered while parsing (tag "?PHP" with attributes function=). 
Invalid character ($) encountered while parsing (tag "?PHP" with attributes function=). 
Invalid character (&) encountered while parsing (tag "ORD($SIMBOL)" with attributes). 
Invalid character ($) encountered while parsing (tag "?PHP" with attributes include_once=). 
Invalid character ($) encountered while parsing (tag "?PHP" with attributes include_once=). 
Invalid character ($) encountered while parsing (tag "?PHP" with attributes include_once=). 
Invalid character ($) encountered while parsing (tag "?PHP" with attributes include_once=). 
Invalid character ($) encountered while parsing (tag "?PHP" with attributes include_once=). 
Invalid character ($) encountered while parsing (tag "?PHP" with attributes include_once=). 
Invalid character ($) encountered while parsing (tag "?PHP" with attributes include_once=). 
Invalid character ($) encountered while parsing (tag "?PHP" with attributes include_once=). 
Invalid character ($) encountered while parsing (tag "?PHP" with attributes include_once=). 
Invalid character ($) encountered while parsing (tag "?PHP" with attributes include_once=). 
Invalid character ($) encountered while parsing (tag "?PHP" with attributes include_once=). 
Invalid character ($) encountered while parsing (tag "?PHP" with attributes include_once=). 
Invalid character ($) encountered while parsing (tag "?PHP" with attributes include_once=). 
Invalid character (@) encountered while parsing (tag "?PHP" with attributes). 
Invalid character (@) encountered while parsing (tag "?PHP" with attributes). 
Invalid character (@) encountered while parsing (tag "?PHP" with attributes). 
Invalid character ($) encountered while parsing (tag "?PHP" with attributes). 
Invalid character ($) encountered while parsing (tag "?PHP" with attributes). 
Invalid character ($) encountered while parsing (tag "?PHP" with attributes). 
Invalid character ($) encountered while parsing (tag "?PHP" with attributes function=). 
Invalid character ($) encountered while parsing (tag "?PHP" with attributes). 
Invalid character ($) encountered while parsing (tag "?PHP" with attributes). 
Invalid character ($) encountered while parsing (tag "?PHP" with attributes). 
Invalid character ($) encountered while parsing (tag "?PHP" with attributes). 
Invalid character ($) encountered while parsing (tag "?" with attributes function= CORRECT_HEAD_FUNCTION=). 
Invalid character ($) encountered while parsing (tag "?" with attributes function= CORRECT_HEAD_FUNCTION=). 
Invalid character ($) encountered while parsing (tag "?" with attributes function= CORRECT_HEAD_FUNCTION=). 
Invalid character ($) encountered while parsing (tag "?" with attributes function= CORRECT_HEAD_FUNCTION=). 
Invalid character ($) encountered while parsing (tag "?" with attributes function= CORRECT_HEAD_FUNCTION=). 
Invalid character ($) encountered while parsing (tag "?" with attributes function= CORRECT_HEAD_FUNCTION=). 
Invalid character ($) encountered while parsing (tag "?" with attributes function= CORRECT_HEAD_FUNCTION=). 
Invalid character ($) encountered while parsing (tag "?" with attributes function= CORRECT_HEAD_FUNCTION=). 
Invalid character ($) encountered while parsing (tag "?" with attributes function= CORRECT_HEAD_FUNCTION=). 
Invalid character ($) encountered while parsing (tag "?" with attributes function= CORRECT_HEAD_FUNCTION=). 
Invalid character ($) encountered while parsing (tag "?" with attributes function= CORRECT_HEAD_FUNCTION=). 
Invalid character (@) encountered while parsing (tag "?PHP" with attributes). 
Invalid character (@) encountered while parsing (tag "?PHP" with attributes). 
Invalid character (@) encountered while parsing (tag "?PHP" with attributes). 
Invalid character (@) encountered while parsing (tag "?PHP" with attributes). 
Invalid character (@) encountered while parsing (tag "?PHP" with attributes). 
Invalid character (@) encountered while parsing (tag "?PHP" with attributes). 
Invalid character (@) encountered while parsing (tag "?PHP" with attributes). 
Invalid character ($) encountered while parsing (tag "?PHP" with attributes function=). 
Invalid character ($) encountered while parsing (tag "?PHP" with attributes function=). 
Invalid character ($) encountered while parsing (tag "?PHP" with attributes function=). 
Invalid character ($) encountered while parsing (tag "?PHP" with attributes function=). 
Invalid character ($) encountered while parsing (tag "?PHP" with attributes function=). 
Invalid character ($) encountered while parsing (tag "?PHP" with attributes function=). 
Invalid character ($) encountered while parsing (tag "?PHP" with attributes function=). 
Invalid character ($) encountered while parsing (tag "?PHP" with attributes function=). 
Invalid character ($) encountered while parsing (tag "?PHP" with attributes function=). 
Invalid character ($) encountered while parsing (tag "?PHP" with attributes function=). 
Invalid character ($) encountered while parsing (tag "?PHP" with attributes function=). 
Invalid character ($) encountered while parsing (tag "?PHP" with attributes function=). 
Invalid character ($) encountered while parsing (tag "?PHP" with attributes function=). 
Invalid character ($) encountered while parsing (tag "?PHP" with attributes function=). 
Invalid slash (/) encountered while parsing (tag "?" with attributes). 
Invalid slash (/) encountered while parsing (tag "?" with attributes). 
Invalid slash (/) encountered while parsing (tag "?" with attributes). 
Invalid slash (/) encountered while parsing (tag "?" with attributes). 
Invalid slash (/) encountered while parsing (tag "?" with attributes). 
Invalid slash (/) encountered while parsing (tag "?" with attributes). 
Invalid character ($) encountered while parsing (tag "?" with attributes). 
Invalid character ($) encountered while parsing (tag "?" with attributes). 
Invalid character ($) encountered while parsing (tag "?" with attributes). 
Invalid character ($) encountered while parsing (tag "?" with attributes). 
Invalid character ($) encountered while parsing (tag "?" with attributes). 
Invalid character ($) encountered while parsing (tag "?" with attributes). 
Invalid character ($) encountered while parsing (tag "?" with attributes). 
Invalid character (!) encountered while parsing (tag "?" with attributes if=). 
Invalid character ($) encountered while parsing (tag "?" with attributes). 
Invalid character ($) encountered while parsing (tag "?" with attributes if= (ISSET=). 
Invalid character ($) encountered while parsing (tag "?" with attributes if= (ISSET=). 
Invalid character ($) encountered while parsing (tag "?" with attributes if= (ISSET=). 
Invalid character (}) encountered while parsing (tag "?" with attributes). 
Invalid character ($) encountered while parsing (tag "?" with attributes). 
Invalid character ($) encountered while parsing (tag "?" with attributes). 
Invalid character ($) encountered while parsing (tag "?" with attributes). 
Invalid character ($) encountered while parsing (tag "?" with attributes). 
Invalid character ($) encountered while parsing (tag "?" with attributes). 
Invalid character ($) encountered while parsing (tag "?" with attributes). 
Invalid character ($) encountered while parsing (tag "?" with attributes). 
Invalid character ($) encountered while parsing (tag "?" with attributes). 
Invalid character ($) encountered while parsing (tag "?" with attributes). 
Invalid character ($) encountered while parsing (tag "?" with attributes). 
Invalid character ($) encountered while parsing (tag "?" with attributes). 
Invalid character ($) encountered while parsing (tag "?" with attributes). 
Invalid character ($) encountered while parsing (tag "?" with attributes). 
Invalid character ($) encountered while parsing (tag "?" with attributes). 
Invalid character ($) encountered while parsing (tag "?" with attributes). 
Invalid character ($) encountered while parsing (tag "?" with attributes). 
Invalid character ($) encountered while parsing (tag "?" with attributes). 
Invalid character ($) encountered while parsing (tag "?" with attributes if=). 
Invalid character ($) encountered while parsing (tag "?" with attributes if=). 
Invalid character ($) encountered while parsing (tag "?" with attributes if=). 
Invalid character ($) encountered while parsing (tag "?" with attributes if= (ISSET=). 
Invalid character ($) encountered while parsing (tag "?" with attributes if= (ISSET=). 
Invalid character ($) encountered while parsing (tag "?" with attributes if= (ISSET=). 
Invalid character ($) encountered while parsing (tag "?" with attributes if= (= ISSET=). 
Invalid character ($) encountered while parsing (tag "?" with attributes if= (= ISSET=). 
Invalid character ($) encountered while parsing (tag "?" with attributes if= (= ISSET=). 
Invalid character ($) encountered while parsing (tag "?" with attributes if= (= ISSET=). 
Invalid character ($) encountered while parsing (tag "?" with attributes if= (= ISSET=). 
Invalid character ($) encountered while parsing (tag "?" with attributes if= (= ISSET=). 
Invalid character ($) encountered while parsing (tag "?" with attributes if= (= ISSET=). 
Invalid character ($) encountered while parsing (tag "?" with attributes if= (= ISSET=). 
Invalid character ($) encountered while parsing (tag "?" with attributes if= (= ISSET=). 
Invalid character ($) encountered while parsing (tag "?" with attributes if= (= ISSET=). 
Invalid character ($) encountered while parsing (tag "?" with attributes if= (= ISSET=). 
Invalid character ($) encountered while parsing (tag "?" with attributes if= (= ISSET=). 
Invalid character ($) encountered while parsing (tag "?" with attributes if= (= ISSET=). 
Invalid character ($) encountered while parsing (tag "?" with attributes if= (= ISSET=). 
Invalid character ($) encountered while parsing (tag "?" with attributes if= (= ISSET=). 
Invalid quoted string 'Logic' encountered while parsing (tag "OPTION" with attributes). 
Invalid character ($) encountered while parsing (tag "?" with attributes if= (ISSET=). 
Invalid character ($) encountered while parsing (tag "?" with attributes if= (ISSET=). 
Invalid character ($) encountered while parsing (tag "?" with attributes if= (ISSET=). 
Invalid character ($) encountered while parsing (tag "?" with attributes print=). 
Invalid character ($) encountered while parsing (tag "?" with attributes print=). 
Invalid character ($) encountered while parsing (tag "?" with attributes print=). 
Invalid character ($) encountered while parsing (tag "?" with attributes print=). 
Invalid character ($) encountered while parsing (tag "?" with attributes print=). 
Invalid character ($) encountered while parsing (tag "?" with attributes print=). 
Invalid character ($) encountered while parsing (tag "?" with attributes print=). 
Invalid character ($) encountered while parsing (tag "?" with attributes print=). 
Invalid character ($) encountered while parsing (tag "?" with attributes print=). 
Invalid quoted string 'meny' encountered while parsing (tag "OPTION" with attributes). 
Invalid character ($) encountered while parsing (tag "?" with attributes print=). 
Invalid character ($) encountered while parsing (tag "?" with attributes print=). 
Invalid character ($) encountered while parsing (tag "?" with attributes). 
Invalid character ($) encountered while parsing (tag "?" with attributes). 
Invalid character ($) encountered while parsing (tag "?" with attributes). 
Invalid character ($) encountered while parsing (tag "?" with attributes). 
Invalid character ($) encountered while parsing (tag "?" with attributes if= (= ISSET=). 
Invalid character ($) encountered while parsing (tag "?" with attributes if= (= ISSET=). 
Invalid character ($) encountered while parsing (tag "?" with attributes print=). 
Invalid character ($) encountered while parsing (tag "?" with attributes print=). 
Invalid character ($) encountered while parsing (tag "?" with attributes print=). 
Invalid character ($) encountered while parsing (tag "?" with attributes print=). 
Invalid character ($) encountered while parsing (tag "?" with attributes print=). 
Invalid character ($) encountered while parsing (tag "?" with attributes print=). 
Invalid character (\) encountered while parsing (tag "TABLE" with attributes). 
Invalid character ($) encountered while parsing (tag "?" with attributes if= (= ISSET=). 
Invalid character ($) encountered while parsing (tag "?" with attributes if= (= ISSET=). 
Invalid character ($) encountered while parsing (tag "?" with attributes if= (= ISSET=). 
Invalid character ($) encountered while parsing (tag "?" with attributes if= (= ISSET=). 
