Invalid quoted string 'ancetaþçðç' encountered while parsing (tag "?" with attributes include=). 
Invalid quoted string 'anceta.php' encountered while parsing (tag "?" with attributes include=). 
Invalid character ($) encountered while parsing (tag "?" with attributes print_r=). 
Invalid quoted string 'Âçðîñëûé' encountered while parsing (tag "INPUT" with attributes type=Text). 
Invalid quoted string 'Äåòñêèé' encountered while parsing (tag "INPUT" with attributes type=Text). 
Invalid character ($) encountered while parsing (tag "?" with attributes). 
Invalid character ($) encountered while parsing (tag "?" with attributes). 
Invalid character ($) encountered while parsing (tag "?" with attributes print_r=). 
Invalid character ($) encountered while parsing (tag "?" with attributes print_r=). 
Invalid character ($) encountered while parsing (tag "?" with attributes print_r=). 
Invalid character ($) encountered while parsing (tag "?" with attributes print_r=). 
Invalid character ($) encountered while parsing (tag "?" with attributes print_r=). 
Invalid character ($) encountered while parsing (tag "?" with attributes print_r=). 
Invalid character ($) encountered while parsing (tag "?" with attributes print_r=). 
Invalid character ($) encountered while parsing (tag "?" with attributes print_r=). 
Invalid character ($) encountered while parsing (tag "?" with attributes print_r=). 
Invalid character ($) encountered while parsing (tag "?" with attributes print_r=). 
Invalid character ($) encountered while parsing (tag "?" with attributes print_r=). 
Invalid character ($) encountered while parsing (tag "?" with attributes print_r=). 
Invalid character ($) encountered while parsing (tag "?" with attributes print_r=). 
Invalid character ($) encountered while parsing (tag "?" with attributes print_r=). 
Invalid character ($) encountered while parsing (tag "?" with attributes print_r=). 
Invalid character ($) encountered while parsing (tag "?" with attributes print_r=). 
Invalid character ($) encountered while parsing (tag "?" with attributes print_r=). 
Invalid character ($) encountered while parsing (tag "?" with attributes if= (= ISSET=). 
Invalid character ($) encountered while parsing (tag "?" with attributes if= (= ISSET=). 
Invalid slash (/) encountered while parsing (tag "?" with attributes). 
Invalid slash (/) encountered while parsing (tag "?" with attributes). 
Invalid slash (/) encountered while parsing (tag "?" with attributes). 
Invalid slash (/) encountered while parsing (tag "?" with attributes). 
Invalid slash (/) encountered while parsing (tag "?" with attributes). 
Invalid slash (/) encountered while parsing (tag "?" with attributes). 
Invalid slash (/) encountered while parsing (tag "?" with attributes). 
Invalid slash (/) encountered while parsing (tag "?" with attributes). 
Invalid slash (/) encountered while parsing (tag "?" with attributes). 
Invalid slash (/) encountered while parsing (tag "?" with attributes). 
Invalid slash (/) encountered while parsing (tag "?" with attributes). 
Invalid slash (/) encountered while parsing (tag "?" with attributes). 
Invalid character ($) encountered while parsing (tag "?" with attributes print_r=). 
Invalid character ($) encountered while parsing (tag "?" with attributes print_r=). 
Invalid character ($) encountered while parsing (tag "?" with attributes print_r=). 
Invalid character ($) encountered while parsing (tag "?" with attributes print_r=). 
Invalid character ($) encountered while parsing (tag "?" with attributes print_r=). 
Invalid character ($) encountered while parsing (tag "?" with attributes print_r=). 
Invalid character ($) encountered while parsing (tag "?" with attributes print_r=). 
Invalid character ($) encountered while parsing (tag "?" with attributes print_r=). 
Invalid character ($) encountered while parsing (tag "?" with attributes print_r=). 
Invalid character ($) encountered while parsing (tag "?" with attributes print_r=). 
Invalid slash (/) encountered while parsing (tag "?" with attributes). 
Invalid slash (/) encountered while parsing (tag "?" with attributes). 
Invalid slash (/) encountered while parsing (tag "?" with attributes). 
Invalid slash (/) encountered while parsing (tag "?" with attributes). 
Invalid slash (/) encountered while parsing (tag "?" with attributes). 
Invalid slash (/) encountered while parsing (tag "?" with attributes). 
Invalid slash (/) encountered while parsing (tag "?" with attributes). 
Invalid slash (/) encountered while parsing (tag "?" with attributes). 
Invalid slash (/) encountered while parsing (tag "?" with attributes). 
Invalid slash (/) encountered while parsing (tag "?" with attributes). 
Invalid slash (/) encountered while parsing (tag "?" with attributes). 
Invalid slash (/) encountered while parsing (tag "?" with attributes). 
Invalid slash (/) encountered while parsing (tag "?" with attributes). 
Invalid slash (/) encountered while parsing (tag "?" with attributes). 
Invalid slash (/) encountered while parsing (tag "?" with attributes). 
Invalid slash (/) encountered while parsing (tag "?" with attributes). 
Invalid slash (/) encountered while parsing (tag "?" with attributes). 
Invalid slash (/) encountered while parsing (tag "?" with attributes). 
Invalid slash (/) encountered while parsing (tag "?" with attributes). 
Invalid slash (/) encountered while parsing (tag "?" with attributes). 
Invalid slash (/) encountered while parsing (tag "?" with attributes). 
Invalid slash (/) encountered while parsing (tag "?" with attributes). 
Invalid slash (/) encountered while parsing (tag "?" with attributes). 
Invalid slash (/) encountered while parsing (tag "?" with attributes). 
Invalid slash (/) encountered while parsing (tag "?" with attributes). 
Invalid character ($) encountered while parsing (tag "?" with attributes if=). 
Invalid character ($) encountered while parsing (tag "?" with attributes if=). 
Invalid character ($) encountered while parsing (tag "?" with attributes if=). 
Invalid character ($) encountered while parsing (tag "?" with attributes if=). 
Invalid character ($) encountered while parsing (tag "?" with attributes if=). 
Invalid character (;) encountered while parsing (tag "?" with attributes ob_start=). 
Invalid character (;) encountered while parsing (tag "?" with attributes ob_start=). 
