Invalid slash (/) encountered while parsing (tag "?PHP" with attributes). 
Invalid slash (/) encountered while parsing (tag "?PHP" with attributes). 
Invalid slash (/) encountered while parsing (tag "?PHP" with attributes). 
Invalid slash (/) encountered while parsing (tag "?PHP" with attributes). 
Invalid slash (/) encountered while parsing (tag "?PHP" with attributes). 
Invalid slash (/) encountered while parsing (tag "?PHP" with attributes). 
Invalid slash (/) encountered while parsing (tag "?PHP" with attributes). 
Invalid slash (/) encountered while parsing (tag "?PHP" with attributes). 
Invalid slash (/) encountered while parsing (tag "?PHP" with attributes). 
Invalid slash (/) encountered while parsing (tag "?PHP" with attributes). 
Invalid slash (/) encountered while parsing (tag "?PHP" with attributes). 
Invalid slash (/) encountered while parsing (tag "?PHP" with attributes). 
Invalid character (,) encountered while parsing (tag "?PHP" with attributes). 
Invalid quoted string 'index.php' encountered while parsing (tag "?PHP" with attributes). 
Invalid quoted string 'index.php' encountered while parsing (tag "?PHP" with attributes). 
Invalid quoted string 'index.php' encountered while parsing (tag "?PHP" with attributes). 
Invalid character (\) encountered while parsing (tag "FONT" with attributes). 
Invalid quoted string 'index.php' encountered while parsing (tag "?PHP" with attributes). 
Invalid quoted string 'index.php' encountered while parsing (tag "?PHP" with attributes). 
Invalid quoted string 'index.php' encountered while parsing (tag "?PHP" with attributes). 
Invalid quoted string 'index.php' encountered while parsing (tag "?PHP" with attributes). 
Invalid quoted string 'index.php' encountered while parsing (tag "?PHP" with attributes). 
Invalid quoted string 'index.php' encountered while parsing (tag "?PHP" with attributes). 
Invalid quoted string 'index.php' encountered while parsing (tag "?PHP" with attributes). 
Invalid quoted string 'index.php' encountered while parsing (tag "?PHP" with attributes). 
Invalid quoted string 'index.php' encountered while parsing (tag "?PHP" with attributes). 
Invalid quoted string 'index.php' encountered while parsing (tag "?PHP" with attributes). 
Invalid quoted string 'index.php' encountered while parsing (tag "?PHP" with attributes). 
Invalid quoted string 'index.php' encountered while parsing (tag "?PHP" with attributes). 
Invalid quoted string 'index.php' encountered while parsing (tag "?PHP" with attributes). 
Invalid character (\) encountered while parsing (tag "FONT" with attributes). 
Invalid quoted string 'index.php' encountered while parsing (tag "?PHP" with attributes). 
Invalid quoted string 'index.php' encountered while parsing (tag "?PHP" with attributes). 
Invalid quoted string 'index.php' encountered while parsing (tag "?PHP" with attributes). 
Invalid quoted string 'index.php' encountered while parsing (tag "?PHP" with attributes). 
Invalid quoted string 'index.php' encountered while parsing (tag "?PHP" with attributes). 
Invalid quoted string 'index.php' encountered while parsing (tag "?PHP" with attributes). 
Invalid quoted string 'index.php' encountered while parsing (tag "?PHP" with attributes). 
Invalid quoted string 'index.php' encountered while parsing (tag "?PHP" with attributes). 
Invalid quoted string 'index.php' encountered while parsing (tag "?PHP" with attributes). 
Invalid quoted string 'index.php' encountered while parsing (tag "?PHP" with attributes). 
Invalid quoted string 'index.php' encountered while parsing (tag "?PHP" with attributes). 
Invalid quoted string 'index.php' encountered while parsing (tag "?PHP" with attributes). 
Invalid quoted string 'index.php' encountered while parsing (tag "?PHP" with attributes). 
Invalid quoted string 'index.php' encountered while parsing (tag "?PHP" with attributes). 
Invalid quoted string 'index.php' encountered while parsing (tag "?PHP" with attributes). 
Invalid quoted string 'index.php' encountered while parsing (tag "?PHP" with attributes). 
Invalid quoted string 'index.php' encountered while parsing (tag "?PHP" with attributes). 
Invalid quoted string 'index.php' encountered while parsing (tag "?PHP" with attributes). 
Invalid quoted string 'index.php' encountered while parsing (tag "?PHP" with attributes). 
Invalid quoted string 'index.php' encountered while parsing (tag "?PHP" with attributes). 
Invalid quoted string 'index.php' encountered while parsing (tag "?PHP" with attributes). 
Invalid quoted string 'index.php' encountered while parsing (tag "?PHP" with attributes). 
Invalid quoted string 'index.php' encountered while parsing (tag "?PHP" with attributes). 
Invalid quoted string 'index.php' encountered while parsing (tag "?PHP" with attributes). 
Invalid quoted string 'index.php' encountered while parsing (tag "?PHP" with attributes). 
Invalid quoted string 'index.php' encountered while parsing (tag "?PHP" with attributes). 
Invalid quoted string 'index.php' encountered while parsing (tag "?PHP" with attributes). 
Invalid quoted string 'index.php' encountered while parsing (tag "?PHP" with attributes). 
Invalid quoted string 'index.php' encountered while parsing (tag "?PHP" with attributes). 
Invalid quoted string 'index.php' encountered while parsing (tag "?PHP" with attributes). 
Invalid quoted string 'index.php' encountered while parsing (tag "?PHP" with attributes). 
Invalid quoted string 'index.php' encountered while parsing (tag "?PHP" with attributes). 
Invalid quoted string 'index.php' encountered while parsing (tag "?PHP" with attributes). 
Invalid quoted string 'index.php' encountered while parsing (tag "?PHP" with attributes). 
Invalid quoted string 'index.php' encountered while parsing (tag "?PHP" with attributes). 
Invalid quoted string 'index.php' encountered while parsing (tag "?PHP" with attributes). 
Invalid quoted string 'index.php' encountered while parsing (tag "?PHP" with attributes). 
Invalid quoted string 'index.php' encountered while parsing (tag "?PHP" with attributes). 
Invalid quoted string 'index.php' encountered while parsing (tag "?PHP" with attributes). 
Invalid quoted string 'index.php' encountered while parsing (tag "?PHP" with attributes). 
Invalid quoted string 'index.php' encountered while parsing (tag "?PHP" with attributes). 
Invalid quoted string 'index.php' encountered while parsing (tag "?PHP" with attributes). 
Invalid quoted string 'index.php' encountered while parsing (tag "?PHP" with attributes). 
Invalid quoted string 'index.php' encountered while parsing (tag "?PHP" with attributes). 
Invalid quoted string 'index.php' encountered while parsing (tag "?PHP" with attributes). 
Invalid quoted string 'index.php' encountered while parsing (tag "?PHP" with attributes). 
Invalid quoted string 'index.php' encountered while parsing (tag "?PHP" with attributes). 
Invalid quoted string 'index.php' encountered while parsing (tag "?PHP" with attributes). 
Invalid quoted string 'index.php' encountered while parsing (tag "?PHP" with attributes). 
Invalid quoted string 'index.php' encountered while parsing (tag "?PHP" with attributes). 
Invalid quoted string 'index.php' encountered while parsing (tag "?PHP" with attributes). 
Invalid quoted string 'index.php' encountered while parsing (tag "?PHP" with attributes). 
Invalid quoted string 'index.php' encountered while parsing (tag "?PHP" with attributes). 
Invalid quoted string 'index.php' encountered while parsing (tag "?PHP" with attributes). 
Invalid quoted string 'index.php' encountered while parsing (tag "?PHP" with attributes). 
Invalid quoted string 'index.php' encountered while parsing (tag "?PHP" with attributes). 
Invalid quoted string 'index.php' encountered while parsing (tag "?PHP" with attributes). 
Invalid quoted string 'index.php' encountered while parsing (tag "?PHP" with attributes). 
Invalid quoted string 'index.php' encountered while parsing (tag "?PHP" with attributes). 
Invalid quoted string 'index.php' encountered while parsing (tag "?PHP" with attributes). 
Invalid quoted string 'index.php' encountered while parsing (tag "?PHP" with attributes). 
Invalid quoted string 'index.php' encountered while parsing (tag "?PHP" with attributes). 
Invalid quoted string 'index.php' encountered while parsing (tag "?PHP" with attributes). 
Invalid quoted string 'index.php' encountered while parsing (tag "?PHP" with attributes). 
Invalid quoted string 'index.php' encountered while parsing (tag "?PHP" with attributes). 
Invalid quoted string 'index.php' encountered while parsing (tag "?PHP" with attributes). 
Invalid quoted string 'index.php' encountered while parsing (tag "?PHP" with attributes). 
Invalid quoted string 'index.php' encountered while parsing (tag "?PHP" with attributes). 
Invalid quoted string 'index.php' encountered while parsing (tag "?PHP" with attributes). 
Invalid quoted string 'index.php' encountered while parsing (tag "?PHP" with attributes). 
Invalid quoted string 'index.php' encountered while parsing (tag "?PHP" with attributes). 
Invalid quoted string 'index.php' encountered while parsing (tag "?PHP" with attributes). 
Invalid quoted string 'index.php' encountered while parsing (tag "?PHP" with attributes). 
Invalid quoted string 'index.php' encountered while parsing (tag "?PHP" with attributes). 
Invalid quoted string 'index.php' encountered while parsing (tag "?PHP" with attributes). 
Invalid quoted string 'index.php' encountered while parsing (tag "?PHP" with attributes). 
Invalid quoted string 'index.php' encountered while parsing (tag "?PHP" with attributes). 
Invalid quoted string 'index.php' encountered while parsing (tag "?PHP" with attributes). 
Invalid quoted string 'index.php' encountered while parsing (tag "?PHP" with attributes). 
Invalid quoted string 'index.php' encountered while parsing (tag "?PHP" with attributes). 
Invalid quoted string 'index.php' encountered while parsing (tag "?PHP" with attributes). 
Invalid quoted string 'index.php' encountered while parsing (tag "?PHP" with attributes). 
Invalid quoted string 'index.php' encountered while parsing (tag "?PHP" with attributes). 
Invalid quoted string 'index.php' encountered while parsing (tag "?PHP" with attributes). 
Invalid quoted string 'index.php' encountered while parsing (tag "?PHP" with attributes). 
Invalid quoted string 'index.php' encountered while parsing (tag "?PHP" with attributes). 
Invalid quoted string 'index.php' encountered while parsing (tag "?PHP" with attributes). 
Invalid quoted string 'index.php' encountered while parsing (tag "?PHP" with attributes). 
Invalid quoted string 'index.php' encountered while parsing (tag "?PHP" with attributes). 
Invalid quoted string 'index.php' encountered while parsing (tag "?PHP" with attributes). 
Invalid quoted string 'index.php' encountered while parsing (tag "?PHP" with attributes). 
Invalid quoted string 'index.php' encountered while parsing (tag "?PHP" with attributes). 
Invalid quoted string 'index.php' encountered while parsing (tag "?PHP" with attributes). 
Invalid quoted string 'index.php' encountered while parsing (tag "?PHP" with attributes). 
Invalid quoted string 'index.php' encountered while parsing (tag "?PHP" with attributes). 
Invalid quoted string 'index.php' encountered while parsing (tag "?PHP" with attributes). 
Invalid quoted string 'index.php' encountered while parsing (tag "?PHP" with attributes). 
Invalid quoted string 'index.php' encountered while parsing (tag "?PHP" with attributes). 
Invalid quoted string 'index.php' encountered while parsing (tag "?PHP" with attributes). 
Invalid quoted string 'index.php' encountered while parsing (tag "?PHP" with attributes). 
Invalid quoted string 'index.php' encountered while parsing (tag "?PHP" with attributes). 
Invalid quoted string 'index.php' encountered while parsing (tag "?PHP" with attributes). 
Invalid quoted string 'index.php' encountered while parsing (tag "?PHP" with attributes). 
Invalid quoted string 'index.php' encountered while parsing (tag "?PHP" with attributes). 
Invalid quoted string 'index.php' encountered while parsing (tag "?PHP" with attributes). 
Invalid quoted string 'index.php' encountered while parsing (tag "?PHP" with attributes). 
Invalid quoted string 'index.php' encountered while parsing (tag "?PHP" with attributes). 
Invalid quoted string 'index.php' encountered while parsing (tag "?PHP" with attributes). 
Invalid quoted string 'index.php' encountered while parsing (tag "?PHP" with attributes). 
Invalid quoted string 'START_TIME' encountered while parsing (tag "?PHP" with attributes). 
Invalid quoted string 'START_TIME' encountered while parsing (tag "?PHP" with attributes). 
Invalid quoted string 'START_TIME' encountered while parsing (tag "?PHP" with attributes). 
Invalid character ({) encountered while parsing (tag "?PHP" with attributes function=). 
Invalid character ({) encountered while parsing (tag "?PHP" with attributes function=). 
Invalid character ({) encountered while parsing (tag "?PHP" with attributes function=). 
Invalid character ({) encountered while parsing (tag "?PHP" with attributes function=). 
Invalid character ({) encountered while parsing (tag "?PHP" with attributes function=). 
Invalid character ({) encountered while parsing (tag "?PHP" with attributes function=). 
Invalid character ({) encountered while parsing (tag "?PHP" with attributes function=). 
Invalid character ({) encountered while parsing (tag "?PHP" with attributes function=). 
Invalid character ({) encountered while parsing (tag "?PHP" with attributes function=). 
Invalid character ({) encountered while parsing (tag "?PHP" with attributes function=). 
Invalid character ({) encountered while parsing (tag "?PHP" with attributes function=). 
Invalid character ({) encountered while parsing (tag "?PHP" with attributes function=). 
Invalid character ({) encountered while parsing (tag "?PHP" with attributes function=). 
Invalid character ({) encountered while parsing (tag "?PHP" with attributes function=). 
Invalid character ({) encountered while parsing (tag "?PHP" with attributes function=). 
Invalid character ({) encountered while parsing (tag "?PHP" with attributes function=). 
Invalid quoted string 'START_TIME' encountered while parsing (tag "?PHP" with attributes). 
Invalid quoted string 'START_TIME' encountered while parsing (tag "?PHP" with attributes). 
Invalid quoted string 'START_TIME' encountered while parsing (tag "?PHP" with attributes). 
Invalid quoted string 'START_TIME' encountered while parsing (tag "?PHP" with attributes). 
Invalid quoted string 'START_TIME' encountered while parsing (tag "?PHP" with attributes). 
Invalid quoted string 'START_TIME' encountered while parsing (tag "?PHP" with attributes). 
Invalid quoted string 'START_TIME' encountered while parsing (tag "?PHP" with attributes). 
