Invalid character ({) encountered while parsing (tag "TEST(3))" with attributes). 
Invalid character ({) encountered while parsing (tag "TEST(3))" with attributes). 
Invalid slash (/) encountered while parsing (tag "?PHP" with attributes). 
Invalid slash (/) encountered while parsing (tag "?PHP" with attributes). 
Invalid slash (/) encountered while parsing (tag "?PHP" with attributes). 
Invalid slash (/) encountered while parsing (tag "?PHP" with attributes). 
Invalid slash (/) encountered while parsing (tag "?PHP" with attributes). 
Invalid character ($) encountered while parsing (tag "?PHP" with attributes). 
Invalid character ($) encountered while parsing (tag "?PHP" with attributes). 
Invalid character ($) encountered while parsing (tag "?PHP" with attributes). 
Invalid slash (/) encountered while parsing (tag "?PHP" with attributes). 
Invalid slash (/) encountered while parsing (tag "?PHP" with attributes). 
Invalid slash (/) encountered while parsing (tag "?PHP" with attributes). 
Invalid slash (/) encountered while parsing (tag "?PHP" with attributes). 
Invalid slash (/) encountered while parsing (tag "?PHP" with attributes). 
Invalid slash (/) encountered while parsing (tag "?PHP" with attributes). 
Invalid slash (/) encountered while parsing (tag "?PHP" with attributes). 
Invalid slash (/) encountered while parsing (tag "?PHP" with attributes). 
Invalid slash (/) encountered while parsing (tag "?PHP" with attributes). 
Invalid slash (/) encountered while parsing (tag "?PHP" with attributes). 
Invalid slash (/) encountered while parsing (tag "?PHP" with attributes). 
Invalid slash (/) encountered while parsing (tag "?PHP" with attributes). 
Invalid slash (/) encountered while parsing (tag "?PHP" with attributes). 
Invalid character ($) encountered while parsing (tag "?PHP" with attributes). 
Invalid character ($) encountered while parsing (tag "?PHP" with attributes). 
Invalid character ($) encountered while parsing (tag "?PHP" with attributes). 
Invalid character ($) encountered while parsing (tag "?PHP" with attributes). 
Invalid character ($) encountered while parsing (tag "?PHP" with attributes). 
Invalid character ($) encountered while parsing (tag "?PHP" with attributes). 
Invalid character ($) encountered while parsing (tag "?PHP" with attributes). 
Invalid character ($) encountered while parsing (tag "?PHP" with attributes). 
Invalid character ($) encountered while parsing (tag "?PHP" with attributes). 
Invalid character ($) encountered while parsing (tag "?PHP" with attributes). 
Invalid character ($) encountered while parsing (tag "?PHP" with attributes). 
Invalid character ($) encountered while parsing (tag "?PHP" with attributes). 
Invalid character ($) encountered while parsing (tag "?PHP" with attributes). 
Invalid character ($) encountered while parsing (tag "?PHP" with attributes). 
Invalid character ($) encountered while parsing (tag "?PHP" with attributes). 
Invalid character ($) encountered while parsing (tag "?PHP" with attributes). 
Invalid character ($) encountered while parsing (tag "?PHP" with attributes). 
Invalid character ($) encountered while parsing (tag "?PHP" with attributes). 
Invalid character ($) encountered while parsing (tag "?PHP" with attributes). 
Invalid character ({) encountered while parsing (tag "?PHP" with attributes function=). 
Invalid character ({) encountered while parsing (tag "?PHP" with attributes function=). 
Invalid character ({) encountered while parsing (tag "?PHP" with attributes function=). 
Invalid character ({) encountered while parsing (tag "?PHP" with attributes function=). 
Invalid character ({) encountered while parsing (tag "?PHP" with attributes function=). 
Invalid slash (/) encountered while parsing (tag "?PHP" with attributes). 
Invalid slash (/) encountered while parsing (tag "?PHP" with attributes). 
Invalid character ($) encountered while parsing (tag "?PHP" with attributes). 
Invalid character ($) encountered while parsing (tag "?PHP" with attributes). 
Invalid character ($) encountered while parsing (tag "?PHP" with attributes). 
Invalid character ($) encountered while parsing (tag "?PHP" with attributes). 
Invalid character ($) encountered while parsing (tag "?PHP" with attributes). 
Invalid quoted string 'index.php' encountered while parsing (tag "?PHP" with attributes). 
Invalid quoted string 'index.php' encountered while parsing (tag "?PHP" with attributes). 
Invalid number "4" encountered while parsing (tag "?PHP" with attributes). 
Invalid number "4" encountered while parsing (tag "?PHP" with attributes). 
Invalid quoted string 'index.php' encountered while parsing (tag "?PHP" with attributes). 
Invalid quoted string 'index.php' encountered while parsing (tag "?PHP" with attributes). 
Invalid quoted string 'index.php' encountered while parsing (tag "?PHP" with attributes). 
Invalid quoted string 'index.php' encountered while parsing (tag "?PHP" with attributes). 
Invalid quoted string 'index.php' encountered while parsing (tag "?PHP" with attributes). 
Invalid quoted string 'index.php' encountered while parsing (tag "?PHP" with attributes). 
Invalid quoted string 'index.php' encountered while parsing (tag "?PHP" with attributes). 
Invalid quoted string 'index.php' encountered while parsing (tag "?PHP" with attributes). 
Invalid quoted string 'index.php' encountered while parsing (tag "?PHP" with attributes). 
Invalid quoted string 'index.php' encountered while parsing (tag "?PHP" with attributes). 
Invalid quoted string 'index.php' encountered while parsing (tag "?PHP" with attributes). 
Invalid quoted string 'index.php' encountered while parsing (tag "?PHP" with attributes). 
Invalid quoted string 'index.php' encountered while parsing (tag "?PHP" with attributes). 
Invalid quoted string 'index.php' encountered while parsing (tag "?PHP" with attributes). 
Invalid quoted string 'index.php' encountered while parsing (tag "?PHP" with attributes). 
Invalid quoted string 'index.php' encountered while parsing (tag "?PHP" with attributes). 
Invalid quoted string 'index.php' encountered while parsing (tag "?PHP" with attributes). 
Invalid quoted string 'index.php' encountered while parsing (tag "?PHP" with attributes). 
Invalid quoted string 'index.php' encountered while parsing (tag "?PHP" with attributes). 
Invalid quoted string 'index.php' encountered while parsing (tag "?PHP" with attributes). 
Invalid quoted string 'index.php' encountered while parsing (tag "?PHP" with attributes). 
Invalid quoted string 'index.php' encountered while parsing (tag "?PHP" with attributes). 
Invalid quoted string 'index.php' encountered while parsing (tag "?PHP" with attributes). 
Invalid quoted string 'index.php' encountered while parsing (tag "?PHP" with attributes). 
Invalid quoted string 'index.php' encountered while parsing (tag "?PHP" with attributes). 
Invalid quoted string 'index.php' encountered while parsing (tag "?PHP" with attributes). 
Invalid quoted string 'index.php' encountered while parsing (tag "?PHP" with attributes). 
Invalid quoted string 'index.php' encountered while parsing (tag "?PHP" with attributes). 
Invalid quoted string 'index.php' encountered while parsing (tag "?PHP" with attributes). 
Invalid quoted string 'index.php' encountered while parsing (tag "?PHP" with attributes). 
Invalid quoted string 'index.php' encountered while parsing (tag "?PHP" with attributes). 
Invalid quoted string 'index.php' encountered while parsing (tag "?PHP" with attributes). 
Invalid quoted string 'index.php' encountered while parsing (tag "?PHP" with attributes). 
Invalid quoted string 'index.php' encountered while parsing (tag "?PHP" with attributes). 
Invalid quoted string 'index.php' encountered while parsing (tag "?PHP" with attributes). 
Invalid quoted string 'index.php' encountered while parsing (tag "?PHP" with attributes). 
Invalid quoted string 'index.php' encountered while parsing (tag "?PHP" with attributes). 
Invalid quoted string 'index.php' encountered while parsing (tag "?PHP" with attributes). 
Invalid quoted string 'index.php' encountered while parsing (tag "?PHP" with attributes). 
Invalid quoted string 'index.php' encountered while parsing (tag "?PHP" with attributes). 
Invalid quoted string 'index.php' encountered while parsing (tag "?PHP" with attributes). 
Invalid quoted string 'index.php' encountered while parsing (tag "?PHP" with attributes). 
Invalid quoted string 'index.php' encountered while parsing (tag "?PHP" with attributes). 
Invalid quoted string 'index.php' encountered while parsing (tag "?PHP" with attributes). 
Invalid quoted string 'index.php' encountered while parsing (tag "?PHP" with attributes). 
Invalid quoted string 'index.php' encountered while parsing (tag "?PHP" with attributes). 
Invalid quoted string 'index.php' encountered while parsing (tag "?PHP" with attributes). 
Invalid quoted string 'index.php' encountered while parsing (tag "?PHP" with attributes). 
Invalid quoted string 'index.php' encountered while parsing (tag "?PHP" with attributes). 
Invalid quoted string 'index.php' encountered while parsing (tag "?PHP" with attributes). 
Invalid quoted string 'index.php' encountered while parsing (tag "?PHP" with attributes). 
Invalid quoted string 'index.php' encountered while parsing (tag "?PHP" with attributes). 
Invalid quoted string 'index.php' encountered while parsing (tag "?PHP" with attributes). 
Invalid quoted string 'log.txt' encountered while parsing (tag "?PHP" with attributes). 
Invalid quoted string 'log.txt' encountered while parsing (tag "?PHP" with attributes). 
Invalid quoted string 'log.txt' encountered while parsing (tag "?PHP" with attributes). 
Invalid quoted string 'log.txt' encountered while parsing (tag "?PHP" with attributes). 
Invalid quoted string 'log.txt' encountered while parsing (tag "?PHP" with attributes). 
Invalid quoted string 'log.txt' encountered while parsing (tag "?PHP" with attributes). 
Invalid quoted string 'index.php' encountered while parsing (tag "?PHP" with attributes). 
Invalid quoted string 'index.php' encountered while parsing (tag "?PHP" with attributes). 
Invalid quoted string 'index.php' encountered while parsing (tag "?PHP" with attributes). 
Invalid quoted string 'index.php' encountered while parsing (tag "?PHP" with attributes). 
Invalid quoted string 'index.php' encountered while parsing (tag "?PHP" with attributes). 
Invalid quoted string 'index.php' encountered while parsing (tag "?PHP" with attributes). 
Invalid quoted string 'index.php' encountered while parsing (tag "?PHP" with attributes). 
Invalid quoted string 'index.php' encountered while parsing (tag "?PHP" with attributes). 
Invalid quoted string 'index.php' encountered while parsing (tag "?PHP" with attributes). 
Invalid quoted string 'index.php' encountered while parsing (tag "?PHP" with attributes). 
Invalid quoted string 'index.php' encountered while parsing (tag "?PHP" with attributes). 
Invalid quoted string 'log.txt' encountered while parsing (tag "?PHP" with attributes if=). 
Invalid quoted string 'log.txt' encountered while parsing (tag "?PHP" with attributes if=). 
Invalid quoted string 'log.txt' encountered while parsing (tag "?PHP" with attributes if=). 
Invalid quoted string 'log.txt' encountered while parsing (tag "?PHP" with attributes if=). 
Invalid quoted string 'log.txt' encountered while parsing (tag "?PHP" with attributes if=). 
Invalid quoted string 'log.txt' encountered while parsing (tag "?PHP" with attributes if=). 
Invalid quoted string 'log.txt' encountered while parsing (tag "?PHP" with attributes if=). 
Invalid character ($) encountered while parsing (tag "?PHP" with attributes). 
Invalid character ($) encountered while parsing (tag "?PHP" with attributes). 
Invalid character ($) encountered while parsing (tag "?PHP" with attributes). 
Invalid character ($) encountered while parsing (tag "?PHP" with attributes). 
Invalid character ($) encountered while parsing (tag "?PHP" with attributes). 
Invalid quoted string 'index.php' encountered while parsing (tag "?PHP" with attributes). 
Invalid quoted string 'index.php' encountered while parsing (tag "?PHP" with attributes). 
Invalid quoted string 'index.php' encountered while parsing (tag "?PHP" with attributes). 
Invalid quoted string 'index.php' encountered while parsing (tag "?PHP" with attributes). 
Invalid character ($) encountered while parsing (tag "?PHP" with attributes). 
Invalid character ($) encountered while parsing (tag "?PHP" with attributes). 
Invalid character ($) encountered while parsing (tag "?PHP" with attributes). 
Invalid character ($) encountered while parsing (tag "?PHP" with attributes). 
Invalid character ($) encountered while parsing (tag "?PHP" with attributes). 
Invalid character ($) encountered while parsing (tag "?PHP" with attributes). 
Invalid character ($) encountered while parsing (tag "?PHP" with attributes). 
Invalid character ($) encountered while parsing (tag "?PHP" with attributes). 
Invalid character ($) encountered while parsing (tag "?PHP" with attributes). 
Invalid character ($) encountered while parsing (tag "?PHP" with attributes). 
Invalid character ($) encountered while parsing (tag "?PHP" with attributes). 
Invalid character ($) encountered while parsing (tag "?PHP" with attributes). 
Invalid character ($) encountered while parsing (tag "?PHP" with attributes). 
Invalid character ($) encountered while parsing (tag "?PHP" with attributes). 
Invalid character ($) encountered while parsing (tag "?PHP" with attributes). 
Invalid character ($) encountered while parsing (tag "?PHP" with attributes). 
Invalid character ($) encountered while parsing (tag "?PHP" with attributes). 
Invalid character ($) encountered while parsing (tag "?PHP" with attributes). 
Invalid character ($) encountered while parsing (tag "?PHP" with attributes). 
Invalid character ($) encountered while parsing (tag "?PHP" with attributes). 
Invalid character ($) encountered while parsing (tag "?PHP" with attributes). 
Invalid character ($) encountered while parsing (tag "?PHP" with attributes). 
