Invalid character (\) encountered while parsing (tag "FONT" with attributes). 
Invalid character (\) encountered while parsing (tag "FONT" with attributes). 
Invalid character ($) encountered while parsing (tag "?" with attributes function=). 
Invalid character ($) encountered while parsing (tag "?" with attributes function=). 
Invalid character ($) encountered while parsing (tag "?" with attributes function=). 
Invalid character ($) encountered while parsing (tag "?" with attributes). 
Invalid character ($) encountered while parsing (tag "?" with attributes). 
Invalid slash (/) encountered while parsing (tag "?" with attributes). 
Invalid character ($) encountered while parsing (tag "?" with attributes). 
Invalid character ($) encountered while parsing (tag "?" with attributes). 
Invalid character ($) encountered while parsing (tag "?" with attributes). 
Invalid character ($) encountered while parsing (tag "?" with attributes). 
Invalid character ($) encountered while parsing (tag "?" with attributes). 
Invalid character ($) encountered while parsing (tag "?" with attributes). 
Invalid character ($) encountered while parsing (tag "?" with attributes). 
Invalid character ($) encountered while parsing (tag "?" with attributes). 
Invalid character (&) encountered while parsing (tag "?" with attributes function= IMAGE_PALITE=). 
Invalid character (&) encountered while parsing (tag "?" with attributes function= IMAGE_PALITE=). 
Invalid character (&) encountered while parsing (tag "?" with attributes function= IMAGE_PALITE=). 
Invalid number "0" encountered while parsing (tag "?" with attributes set_time_limit=). 
Invalid number "0" encountered while parsing (tag "?" with attributes set_time_limit=). 
Invalid number "0" encountered while parsing (tag "?" with attributes set_time_limit=). 
Invalid number "0" encountered while parsing (tag "?" with attributes set_time_limit=). 
Invalid number "0" encountered while parsing (tag "?" with attributes set_time_limit=). 
Invalid number "0" encountered while parsing (tag "?" with attributes set_time_limit=). 
Invalid number "0" encountered while parsing (tag "?" with attributes set_time_limit=). 
Invalid number "0" encountered while parsing (tag "?" with attributes set_time_limit=). 
Invalid number "0" encountered while parsing (tag "?" with attributes set_time_limit=). 
Invalid character ($) encountered while parsing (tag "?" with attributes function=). 
Invalid character ($) encountered while parsing (tag "?" with attributes function=). 
Invalid character ($) encountered while parsing (tag "?" with attributes function=). 
Invalid character ($) encountered while parsing (tag "?" with attributes function=). 
Invalid character ($) encountered while parsing (tag "?" with attributes function=). 
Invalid character ($) encountered while parsing (tag "?" with attributes function=). 
Invalid character ($) encountered while parsing (tag "?" with attributes function=). 
Invalid character ($) encountered while parsing (tag "?" with attributes function=). 
Invalid number "0" encountered while parsing (tag "?" with attributes set_time_limit=). 
Invalid number "0" encountered while parsing (tag "?" with attributes set_time_limit=). 
Invalid number "0" encountered while parsing (tag "?" with attributes set_time_limit=). 
Invalid number "0" encountered while parsing (tag "?" with attributes set_time_limit=). 
Invalid number "0" encountered while parsing (tag "?" with attributes set_time_limit=). 
Invalid number "0" encountered while parsing (tag "?" with attributes set_time_limit=). 
Invalid character ($) encountered while parsing (tag "?" with attributes function=). 
Invalid character ($) encountered while parsing (tag "?" with attributes function=). 
Invalid character ($) encountered while parsing (tag "?" with attributes function=). 
Invalid character (\) encountered while parsing (tag "IMG" with attributes). 
Invalid character ($) encountered while parsing (tag "?" with attributes function=). 
Invalid character ($) encountered while parsing (tag "?" with attributes function=). 
Invalid character ($) encountered while parsing (tag "?" with attributes function=). 
Invalid character ($) encountered while parsing (tag "?" with attributes function=). 
Invalid character ($) encountered while parsing (tag "?" with attributes function=). 
Invalid character ($) encountered while parsing (tag "?" with attributes function=). 
Invalid character ($) encountered while parsing (tag "?" with attributes function=). 
