Invalid character ($) encountered while parsing (tag "?PHP" with attributes). 
Invalid character ($) encountered while parsing (tag "?PHP" with attributes). 
Invalid character ($) encountered while parsing (tag "?PHP" with attributes). 
Invalid character ($) encountered while parsing (tag "?PHP" with attributes). 
Invalid character ($) encountered while parsing (tag "?PHP" with attributes). 
Invalid character ($) encountered while parsing (tag "?PHP" with attributes). 
Invalid character ($) encountered while parsing (tag "?PHP" with attributes). 
Invalid character ($) encountered while parsing (tag "?PHP" with attributes). 
Invalid character ($) encountered while parsing (tag "?PHP" with attributes). 
Invalid character ($) encountered while parsing (tag "?PHP" with attributes). 
Invalid character ($) encountered while parsing (tag "?PHP" with attributes). 
Invalid character ($) encountered while parsing (tag "?PHP" with attributes). 
Invalid character ($) encountered while parsing (tag "?PHP" with attributes). 
Invalid character ($) encountered while parsing (tag "?PHP" with attributes). 
Invalid character ($) encountered while parsing (tag "?PHP" with attributes). 
Invalid character ($) encountered while parsing (tag "?PHP" with attributes). 
Invalid character ($) encountered while parsing (tag "?PHP" with attributes). 
Invalid character ($) encountered while parsing (tag "?PHP" with attributes). 
Invalid character ($) encountered while parsing (tag "?PHP" with attributes). 
Invalid character ($) encountered while parsing (tag "?PHP" with attributes). 
Invalid character ($) encountered while parsing (tag "?PHP" with attributes). 
Invalid character (,) encountered while parsing (tag "?PHP" with attributes copy=). 
Invalid character (,) encountered while parsing (tag "?PHP" with attributes copy=). 
Invalid character ($) encountered while parsing (tag "?" with attributes function=). 
Invalid character ($) encountered while parsing (tag "?PHP" with attributes). 
Invalid character ($) encountered while parsing (tag "?PHP" with attributes). 
Invalid character ($) encountered while parsing (tag "?PHP" with attributes). 
Invalid character ($) encountered while parsing (tag "?PHP" with attributes). 
Invalid character (,) encountered while parsing (tag "?PHP" with attributes copy=). 
Invalid character ($) encountered while parsing (tag "?" with attributes function=). 
Invalid character ($) encountered while parsing (tag "?PHP" with attributes). 
Invalid character ($) encountered while parsing (tag "?PHP" with attributes). 
Invalid character ($) encountered while parsing (tag "?PHP" with attributes). 
Invalid character ($) encountered while parsing (tag "?PHP" with attributes). 
Invalid character ($) encountered while parsing (tag "?PHP" with attributes). 
Invalid character ($) encountered while parsing (tag "?PHP" with attributes). 
Invalid character ($) encountered while parsing (tag "?PHP" with attributes). 
Invalid character ($) encountered while parsing (tag "?" with attributes). 
Invalid character ($) encountered while parsing (tag "?" with attributes). 
Invalid character ($) encountered while parsing (tag "?" with attributes). 
Invalid character ($) encountered while parsing (tag "?" with attributes). 
Invalid character ($) encountered while parsing (tag "?" with attributes). 
Invalid character ($) encountered while parsing (tag "?" with attributes). 
Invalid character ($) encountered while parsing (tag "?" with attributes). 
Invalid character ($) encountered while parsing (tag "?" with attributes). 
Invalid character (,) encountered while parsing (tag "?PHP" with attributes copy=). 
Invalid character ($) encountered while parsing (tag "?PHP" with attributes). 
Invalid character ($) encountered while parsing (tag "?PHP" with attributes). 
Invalid character ($) encountered while parsing (tag "?PHP" with attributes). 
Invalid character ($) encountered while parsing (tag "?PHP" with attributes). 
Invalid character ($) encountered while parsing (tag "?PHP" with attributes). 
Invalid character ($) encountered while parsing (tag "?" with attributes function=). 
Invalid character ($) encountered while parsing (tag "?" with attributes function=). 
Invalid character ($) encountered while parsing (tag "?" with attributes function=). 
Invalid character ($) encountered while parsing (tag "?" with attributes function=). 
Invalid character ($) encountered while parsing (tag "?" with attributes function=). 
Invalid character ($) encountered while parsing (tag "?" with attributes function=). 
Invalid character ($) encountered while parsing (tag "?" with attributes function=). 
Invalid character ($) encountered while parsing (tag "?" with attributes function=). 
Invalid character ($) encountered while parsing (tag "?PHP" with attributes). 
Invalid character ($) encountered while parsing (tag "?PHP" with attributes). 
Invalid character ($) encountered while parsing (tag "?PHP" with attributes). 
Invalid character ($) encountered while parsing (tag "?PHP" with attributes). 
Invalid character ($) encountered while parsing (tag "?PHP" with attributes). 
Invalid character ($) encountered while parsing (tag "?PHP" with attributes). 
Invalid character ($) encountered while parsing (tag "?FUNCTION" with attributes). 
Invalid character ($) encountered while parsing (tag "?FUNCTION" with attributes). 
Invalid character ($) encountered while parsing (tag "?FUNCTION" with attributes). 
Invalid character (&) encountered while parsing (tag "?PHP" with attributes function=). 
Invalid character (&) encountered while parsing (tag "?PHP" with attributes function=). 
Invalid character (&) encountered while parsing (tag "?PHP" with attributes function=). 
Invalid character (@) encountered while parsing (tag "?PHP" with attributes). 
Invalid character (@) encountered while parsing (tag "?PHP" with attributes). 
Invalid character ($) encountered while parsing (tag "?PHP" with attributes). 
Invalid character ($) encountered while parsing (tag "?PHP" with attributes). 
Invalid character ($) encountered while parsing (tag "?PHP" with attributes). 
Invalid character ($) encountered while parsing (tag "?PHP" with attributes). 
Invalid character ($) encountered while parsing (tag "?PHP" with attributes). 
Invalid character ($) encountered while parsing (tag "?PHP" with attributes). 
Invalid character ($) encountered while parsing (tag "?PHP" with attributes). 
Invalid character ($) encountered while parsing (tag "?PHP" with attributes). 
Invalid character ($) encountered while parsing (tag "?PHP" with attributes). 
Invalid character ($) encountered while parsing (tag "?PHP" with attributes). 
Invalid character ($) encountered while parsing (tag "?PHP" with attributes). 
Invalid character ($) encountered while parsing (tag "?PHP" with attributes). 
Invalid slash (/) encountered while parsing (tag "?" with attributes). 
Invalid slash (/) encountered while parsing (tag "?" with attributes). 
Invalid slash (/) encountered while parsing (tag "?" with attributes). 
Invalid character ($) encountered while parsing (tag "?PHP" with attributes). 
Invalid character ($) encountered while parsing (tag "?PHP" with attributes). 
Invalid character (@) encountered while parsing (tag "?PHP" with attributes). 
Invalid character (@) encountered while parsing (tag "?PHP" with attributes). 
Invalid character (@) encountered while parsing (tag "?PHP" with attributes). 
Invalid character (@) encountered while parsing (tag "?PHP" with attributes). 
Invalid character (@) encountered while parsing (tag "?PHP" with attributes). 
Invalid character (@) encountered while parsing (tag "?PHP" with attributes). 
Invalid character (@) encountered while parsing (tag "?PHP" with attributes). 
Invalid character (@) encountered while parsing (tag "?PHP" with attributes). 
Invalid character (@) encountered while parsing (tag "?PHP" with attributes). 
Invalid character ($) encountered while parsing (tag "?PHP" with attributes). 
Invalid character ($) encountered while parsing (tag "?PHP" with attributes). 
Invalid character ($) encountered while parsing (tag "?PHP" with attributes). 
Invalid character ($) encountered while parsing (tag "?PHP" with attributes). 
Invalid character ($) encountered while parsing (tag "?PHP" with attributes). 
Invalid character ($) encountered while parsing (tag "?PHP" with attributes). 
Invalid character ($) encountered while parsing (tag "?PHP" with attributes). 
Invalid character ($) encountered while parsing (tag "?PHP" with attributes). 
Invalid character (@) encountered while parsing (tag "?PHP" with attributes). 
Invalid character (@) encountered while parsing (tag "?PHP" with attributes). 
Invalid character (@) encountered while parsing (tag "?PHP" with attributes). 
Invalid character (@) encountered while parsing (tag "?PHP" with attributes). 
Invalid character (@) encountered while parsing (tag "?PHP" with attributes). 
Invalid character ($) encountered while parsing (tag "?" with attributes). 
