Invalid character ({) encountered while parsing (tag "COUNT($SEL_WORK)-1)" with attributes). 
Invalid character ({) encountered while parsing (tag "COUNT($SEL_WORK)-1)" with attributes). 
Invalid character ({) encountered while parsing (tag "COUNT($SEL_WORK)-1)" with attributes). 
Invalid character ({) encountered while parsing (tag "COUNT($SEL_WORK)-1)" with attributes). 
Invalid character ({) encountered while parsing (tag "COUNT($SEL_WORK)-1)" with attributes). 
Invalid character ({) encountered while parsing (tag "COUNT($SEL_WORK)-1)" with attributes). 
Invalid character ({) encountered while parsing (tag "COUNT($SEL_WORK)-1)" with attributes). 
Invalid character ({) encountered while parsing (tag "COUNT($SEL_WORK)-1)" with attributes). 
Invalid character ({) encountered while parsing (tag "COUNT($SEL_WORK)-1)" with attributes). 
Invalid character ({) encountered while parsing (tag "COUNT($SEL_WORK)-1)" with attributes). 
Invalid character ({) encountered while parsing (tag "COUNT($SEL_WORK)-1)" with attributes). 
Invalid character ({) encountered while parsing (tag "COUNT($SEL_WORK)-1)" with attributes). 
Invalid character ({) encountered while parsing (tag "COUNT($SEL_WORK)-1)" with attributes). 
Invalid character ({) encountered while parsing (tag "COUNT($SEL_WORK)-1)" with attributes). 
Invalid character ({) encountered while parsing (tag "COUNT($SEL_WORK)-1)" with attributes). 
Invalid character ({) encountered while parsing (tag "COUNT($SEL_WORK)-1)" with attributes). 
Invalid character ({) encountered while parsing (tag "COUNT($SEL_WORK)-1)" with attributes). 
Invalid character ($) encountered while parsing (tag "?PHP" with attributes). 
Invalid character ($) encountered while parsing (tag "?PHP" with attributes). 
Invalid character ($) encountered while parsing (tag "?" with attributes). 
Invalid character ($) encountered while parsing (tag "?" with attributes). 
Invalid character ($) encountered while parsing (tag "?" with attributes). 
Invalid character ($) encountered while parsing (tag "?" with attributes). 
Invalid character ($) encountered while parsing (tag "?" with attributes). 
Invalid character ($) encountered while parsing (tag "?" with attributes). 
Invalid character ($) encountered while parsing (tag "?" with attributes). 
Invalid character ($) encountered while parsing (tag "?" with attributes). 
Invalid character ($) encountered while parsing (tag "?" with attributes). 
Invalid character ($) encountered while parsing (tag "?" with attributes). 
Invalid character ($) encountered while parsing (tag "?" with attributes). 
Invalid character ($) encountered while parsing (tag "?" with attributes). 
Invalid character ($) encountered while parsing (tag "?" with attributes). 
Invalid character ($) encountered while parsing (tag "?" with attributes). 
Invalid character ($) encountered while parsing (tag "?" with attributes). 
Invalid character ({) encountered while parsing (tag "COUNT($ARR1);$I++)" with attributes). 
Invalid character ({) encountered while parsing (tag "COUNT($ARR1);$I++)" with attributes). 
Invalid character ({) encountered while parsing (tag "COUNT($ARR1);$I++)" with attributes). 
Invalid character ({) encountered while parsing (tag "COUNT($ARR1);$I++)" with attributes). 
Invalid character ({) encountered while parsing (tag "COUNT($ARR1);$I++)" with attributes). 
Invalid character ({) encountered while parsing (tag "COUNT($ARR1);$I++)" with attributes). 
Invalid character ({) encountered while parsing (tag "COUNT($ARR1);$I++)" with attributes). 
Invalid character ({) encountered while parsing (tag "COUNT($ARR1);$I++)" with attributes). 
Invalid character ({) encountered while parsing (tag "COUNT($ARR1);$I++)" with attributes). 
Invalid character ({) encountered while parsing (tag "COUNT($ARR1);$I++)" with attributes). 
Invalid character ({) encountered while parsing (tag "COUNT($ARR1);$I++)" with attributes). 
Invalid character ({) encountered while parsing (tag "COUNT($ARR1);$I++)" with attributes). 
Invalid character ({) encountered while parsing (tag "COUNT($ARR1);$I++)" with attributes). 
Invalid character ({) encountered while parsing (tag "COUNT($ARR1);$I++)" with attributes). 
Invalid character ({) encountered while parsing (tag "COUNT($ARR1);$I++)" with attributes). 
Invalid slash (/) encountered while parsing (tag "?PHP" with attributes). 
Invalid character ({) encountered while parsing (tag "COUNT($ARR_S);$I++)" with attributes). 
Invalid character ({) encountered while parsing (tag "COUNT($AR);$I++)" with attributes). 
Invalid character ({) encountered while parsing (tag "COUNT($AR);$I++)" with attributes). 
Invalid character ({) encountered while parsing (tag "COUNT($AR);$I++)" with attributes). 
Invalid character ({) encountered while parsing (tag "COUNT($AR);$I++)" with attributes). 
Invalid character ({) encountered while parsing (tag "COUNT($AR);$I++)" with attributes). 
Invalid character ({) encountered while parsing (tag "COUNT($AR);$I++)" with attributes). 
Invalid character ({) encountered while parsing (tag "COUNT($AR);$I++)" with attributes). 
Invalid character ({) encountered while parsing (tag "COUNT($AR);$I++)" with attributes). 
Invalid character ({) encountered while parsing (tag "COUNT($AR);$I++)" with attributes). 
Invalid character ({) encountered while parsing (tag "COUNT($AR);$I++)" with attributes). 
Invalid character ({) encountered while parsing (tag "COUNT($AR);$I++)" with attributes). 
Invalid character ({) encountered while parsing (tag "COUNT($AR);$I++)" with attributes). 
Invalid character ({) encountered while parsing (tag "COUNT($AR);$I++)" with attributes). 
Invalid character ({) encountered while parsing (tag "COUNT($AR);$I++)" with attributes). 
Invalid character ({) encountered while parsing (tag "COUNT($AR);$I++)" with attributes). 
Invalid character ({) encountered while parsing (tag "COUNT($AR);$I++)" with attributes). 
Invalid character ({) encountered while parsing (tag "COUNT($AR);$I++)" with attributes). 
Invalid character ({) encountered while parsing (tag "COUNT($AR);$I++)" with attributes). 
Invalid character ({) encountered while parsing (tag "COUNT($AR);$I++)" with attributes). 
Invalid character ({) encountered while parsing (tag "COUNT($AR);$I++)" with attributes). 
Invalid character ({) encountered while parsing (tag "COUNT($AR);$I++)" with attributes). 
Invalid character ({) encountered while parsing (tag "COUNT($AR);$I++)" with attributes). 
Invalid character ({) encountered while parsing (tag "COUNT($AR);$I++)" with attributes). 
Invalid character ({) encountered while parsing (tag "COUNT($ARR_S);$I++)" with attributes). 
Invalid character ({) encountered while parsing (tag "COUNT($ARR_S);$I++)" with attributes). 
Invalid character ({) encountered while parsing (tag "COUNT($ARR_S);$I++)" with attributes). 
Invalid character ({) encountered while parsing (tag "COUNT($ARR_S);$I++)" with attributes). 
Invalid character ({) encountered while parsing (tag "COUNT($ARR_S);$I++)" with attributes). 
Invalid character ({) encountered while parsing (tag "COUNT($ARR_S);$I++)" with attributes). 
Invalid character ({) encountered while parsing (tag "COUNT($ARR_S);$I++)" with attributes). 
